# JRE version: OpenJDK Runtime Environment (8.0_242-b01) (build 1.8.0_242-release-1644-b01)
# Java VM: OpenJDK 64-Bit Server VM (25.242-b01 mixed mode windows-amd64 compressed oops)
Heap:
 PSYoungGen      total 75776K, used 55241K [0x00000000d5580000, 0x00000000dd180000, 0x0000000100000000)
  eden space 64512K, 73% used [0x00000000d5580000,0x00000000d83acbc8,0x00000000d9480000)
  from space 11264K, 70% used [0x00000000d9480000,0x00000000d9c45b70,0x00000000d9f80000)
  to   space 11264K, 0% used [0x00000000dc680000,0x00000000dc680000,0x00000000dd180000)
 ParOldGen       total 58880K, used 9351K [0x0000000080000000, 0x0000000083980000, 0x00000000d5580000)
  object space 58880K, 15% used [0x0000000080000000,0x0000000080921f98,0x0000000083980000)
 Metaspace       used 31492K, capacity 32294K, committed 32512K, reserved 1077248K
  class space    used 4286K, capacity 4508K, committed 4608K, reserved 1048576K
GC Heap History (10 events):
Event: 2.866 GC heap before
{Heap before GC invocations=4 (full 0):
 PSYoungGen      total 37888K, used 37864K [0x00000000d5580000, 0x00000000d7f80000, 0x0000000100000000)
  eden space 32768K, 100% used [0x00000000d5580000,0x00000000d7580000,0x00000000d7580000)
  from space 5120K, 99% used [0x00000000d7580000,0x00000000d7a7a020,0x00000000d7a80000)
  to   space 5120K, 0% used [0x00000000d7a80000,0x00000000d7a80000,0x00000000d7f80000)
 ParOldGen       total 86016K, used 1368K [0x0000000080000000, 0x0000000085400000, 0x00000000d5580000)
  object space 86016K, 1% used [0x0000000080000000,0x0000000080156120,0x0000000085400000)
 Metaspace       used 15214K, capacity 15736K, committed 16128K, reserved 1062912K
  class space    used 2013K, capacity 2190K, committed 2304K, reserved 1048576K
Event: 2.875 GC heap after
Heap after GC invocations=4 (full 0):
 PSYoungGen      total 37888K, used 5096K [0x00000000d5580000, 0x00000000d9f80000, 0x0000000100000000)
  eden space 32768K, 0% used [0x00000000d5580000,0x00000000d5580000,0x00000000d7580000)
  from space 5120K, 99% used [0x00000000d7a80000,0x00000000d7f7a020,0x00000000d7f80000)
  to   space 5120K, 0% used [0x00000000d7580000,0x00000000d7580000,0x00000000d7a80000)
 ParOldGen       total 86016K, used 3929K [0x0000000080000000, 0x0000000085400000, 0x00000000d5580000)
  object space 86016K, 4% used [0x0000000080000000,0x00000000803d6488,0x0000000085400000)
 Metaspace       used 15214K, capacity 15736K, committed 16128K, reserved 1062912K
  class space    used 2013K, capacity 2190K, committed 2304K, reserved 1048576K
}
Event: 3.188 GC heap before
{Heap before GC invocations=5 (full 0):
 PSYoungGen      total 37888K, used 37864K [0x00000000d5580000, 0x00000000d9f80000, 0x0000000100000000)
  eden space 32768K, 100% used [0x00000000d5580000,0x00000000d7580000,0x00000000d7580000)
  from space 5120K, 99% used [0x00000000d7a80000,0x00000000d7f7a020,0x00000000d7f80000)
  to   space 5120K, 0% used [0x00000000d7580000,0x00000000d7580000,0x00000000d7a80000)
 ParOldGen       total 86016K, used 3929K [0x0000000080000000, 0x0000000085400000, 0x00000000d5580000)
  object space 86016K, 4% used [0x0000000080000000,0x00000000803d6488,0x0000000085400000)
 Metaspace       used 17963K, capacity 18502K, committed 18816K, reserved 1064960K
  class space    used 2443K, capacity 2639K, committed 2688K, reserved 1048576K
Event: 3.199 GC heap after
Heap after GC invocations=5 (full 0):
 PSYoungGen      total 37888K, used 5096K [0x00000000d5580000, 0x00000000da980000, 0x0000000100000000)
  eden space 32768K, 0% used [0x00000000d5580000,0x00000000d5580000,0x00000000d7580000)
  from space 5120K, 99% used [0x00000000d7580000,0x00000000d7a7a020,0x00000000d7a80000)
  to   space 10240K, 0% used [0x00000000d9f80000,0x00000000d9f80000,0x00000000da980000)
 ParOldGen       total 86016K, used 7435K [0x0000000080000000, 0x0000000085400000, 0x00000000d5580000)
  object space 86016K, 8% used [0x0000000080000000,0x0000000080742e28,0x0000000085400000)
 Metaspace       used 17963K, capacity 18502K, committed 18816K, reserved 1064960K
  class space    used 2443K, capacity 2639K, committed 2688K, reserved 1048576K
}
Event: 3.596 GC heap before
{Heap before GC invocations=6 (full 0):
 PSYoungGen      total 37888K, used 37666K [0x00000000d5580000, 0x00000000da980000, 0x0000000100000000)
  eden space 32768K, 99% used [0x00000000d5580000,0x00000000d754eb30,0x00000000d7580000)
  from space 5120K, 99% used [0x00000000d7580000,0x00000000d7a7a020,0x00000000d7a80000)
  to   space 10240K, 0% used [0x00000000d9f80000,0x00000000d9f80000,0x00000000da980000)
 ParOldGen       total 86016K, used 7435K [0x0000000080000000, 0x0000000085400000, 0x00000000d5580000)
  object space 86016K, 8% used [0x0000000080000000,0x0000000080742e28,0x0000000085400000)
 Metaspace       used 20559K, capacity 21208K, committed 21248K, reserved 1067008K
  class space    used 2871K, capacity 3056K, committed 3072K, reserved 1048576K
Event: 3.606 GC heap after
Heap after GC invocations=6 (full 0):
 PSYoungGen      total 74752K, used 8537K [0x00000000d5580000, 0x00000000dab80000, 0x0000000100000000)
  eden space 64512K, 0% used [0x00000000d5580000,0x00000000d5580000,0x00000000d9480000)
  from space 10240K, 83% used [0x00000000d9f80000,0x00000000da7d6538,0x00000000da980000)
  to   space 11264K, 0% used [0x00000000d9480000,0x00000000d9480000,0x00000000d9f80000)
 ParOldGen       total 86016K, used 7443K [0x0000000080000000, 0x0000000085400000, 0x00000000d5580000)
  object space 86016K, 8% used [0x0000000080000000,0x0000000080744e28,0x0000000085400000)
 Metaspace       used 20559K, capacity 21208K, committed 21248K, reserved 1067008K
  class space    used 2871K, capacity 3056K, committed 3072K, reserved 1048576K
}
Event: 3.606 GC heap before
{Heap before GC invocations=7 (full 1):
 PSYoungGen      total 74752K, used 8537K [0x00000000d5580000, 0x00000000dab80000, 0x0000000100000000)
  eden space 64512K, 0% used [0x00000000d5580000,0x00000000d5580000,0x00000000d9480000)
  from space 10240K, 83% used [0x00000000d9f80000,0x00000000da7d6538,0x00000000da980000)
  to   space 11264K, 0% used [0x00000000d9480000,0x00000000d9480000,0x00000000d9f80000)
 ParOldGen       total 86016K, used 7443K [0x0000000080000000, 0x0000000085400000, 0x00000000d5580000)
  object space 86016K, 8% used [0x0000000080000000,0x0000000080744e28,0x0000000085400000)
 Metaspace       used 20559K, capacity 21208K, committed 21248K, reserved 1067008K
  class space    used 2871K, capacity 3056K, committed 3072K, reserved 1048576K
Event: 3.646 GC heap after
Heap after GC invocations=7 (full 1):
 PSYoungGen      total 74752K, used 0K [0x00000000d5580000, 0x00000000dab80000, 0x0000000100000000)
  eden space 64512K, 0% used [0x00000000d5580000,0x00000000d5580000,0x00000000d9480000)
  from space 10240K, 0% used [0x00000000d9f80000,0x00000000d9f80000,0x00000000da980000)
  to   space 11264K, 0% used [0x00000000d9480000,0x00000000d9480000,0x00000000d9f80000)
 ParOldGen       total 58880K, used 9343K [0x0000000080000000, 0x0000000083980000, 0x00000000d5580000)
  object space 58880K, 15% used [0x0000000080000000,0x000000008091ff98,0x0000000083980000)
 Metaspace       used 20559K, capacity 21208K, committed 21248K, reserved 1067008K
  class space    used 2871K, capacity 3056K, committed 3072K, reserved 1048576K
}
Event: 4.275 GC heap before
{Heap before GC invocations=8 (full 1):
 PSYoungGen      total 74752K, used 64512K [0x00000000d5580000, 0x00000000dab80000, 0x0000000100000000)
  eden space 64512K, 100% used [0x00000000d5580000,0x00000000d9480000,0x00000000d9480000)
  from space 10240K, 0% used [0x00000000d9f80000,0x00000000d9f80000,0x00000000da980000)
  to   space 11264K, 0% used [0x00000000d9480000,0x00000000d9480000,0x00000000d9f80000)
 ParOldGen       total 58880K, used 9343K [0x0000000080000000, 0x0000000083980000, 0x00000000d5580000)
  object space 58880K, 15% used [0x0000000080000000,0x000000008091ff98,0x0000000083980000)
 Metaspace       used 28180K, capacity 28832K, committed 29056K, reserved 1075200K
  class space    used 3888K, capacity 4099K, committed 4224K, reserved 1048576K
Event: 4.284 GC heap after
Heap after GC invocations=8 (full 1):
 PSYoungGen      total 75776K, used 7958K [0x00000000d5580000, 0x00000000dd180000, 0x0000000100000000)
  eden space 64512K, 0% used [0x00000000d5580000,0x00000000d5580000,0x00000000d9480000)
  from space 11264K, 70% used [0x00000000d9480000,0x00000000d9c45b70,0x00000000d9f80000)
  to   space 11264K, 0% used [0x00000000dc680000,0x00000000dc680000,0x00000000dd180000)
 ParOldGen       total 58880K, used 9351K [0x0000000080000000, 0x0000000083980000, 0x00000000d5580000)
  object space 58880K, 15% used [0x0000000080000000,0x0000000080921f98,0x0000000083980000)
 Metaspace       used 28180K, capacity 28832K, committed 29056K, reserved 1075200K
  class space    used 3888K, capacity 4099K, committed 4224K, reserved 1048576K
}

