# JRE version: OpenJDK Runtime Environment (8.0_242-b01) (build 1.8.0_242-release-1644-b01)
# Java VM: OpenJDK 64-Bit Server VM (25.242-b01 mixed mode windows-amd64 compressed oops)
Heap:
 PSYoungGen      total 115712K, used 27284K [0x00000000d5580000, 0x00000000dd380000, 0x0000000100000000)
  eden space 104448K, 18% used [0x00000000d5580000,0x00000000d67f4338,0x00000000dbb80000)
  from space 11264K, 74% used [0x00000000dc680000,0x00000000dceb0e10,0x00000000dd180000)
  to   space 11264K, 0% used [0x00000000dbb80000,0x00000000dbb80000,0x00000000dc680000)
 ParOldGen       total 58880K, used 9319K [0x0000000080000000, 0x0000000083980000, 0x00000000d5580000)
  object space 58880K, 15% used [0x0000000080000000,0x0000000080919d28,0x0000000083980000)
 Metaspace       used 32744K, capacity 33656K, committed 34048K, reserved 1079296K
  class space    used 4477K, capacity 4743K, committed 4864K, reserved 1048576K
GC Heap History (10 events):
Event: 2.914 GC heap before
{Heap before GC invocations=5 (full 0):
 PSYoungGen      total 37888K, used 37864K [0x00000000d5580000, 0x00000000d9f80000, 0x0000000100000000)
  eden space 32768K, 100% used [0x00000000d5580000,0x00000000d7580000,0x00000000d7580000)
  from space 5120K, 99% used [0x00000000d7a80000,0x00000000d7f7a040,0x00000000d7f80000)
  to   space 5120K, 0% used [0x00000000d7580000,0x00000000d7580000,0x00000000d7a80000)
 ParOldGen       total 86016K, used 3968K [0x0000000080000000, 0x0000000085400000, 0x00000000d5580000)
  object space 86016K, 4% used [0x0000000080000000,0x00000000803e0370,0x0000000085400000)
 Metaspace       used 17986K, capacity 18566K, committed 18816K, reserved 1064960K
  class space    used 2450K, capacity 2639K, committed 2688K, reserved 1048576K
Event: 2.925 GC heap after
Heap after GC invocations=5 (full 0):
 PSYoungGen      total 37888K, used 5112K [0x00000000d5580000, 0x00000000da980000, 0x0000000100000000)
  eden space 32768K, 0% used [0x00000000d5580000,0x00000000d5580000,0x00000000d7580000)
  from space 5120K, 99% used [0x00000000d7580000,0x00000000d7a7e030,0x00000000d7a80000)
  to   space 10240K, 0% used [0x00000000d9f80000,0x00000000d9f80000,0x00000000da980000)
 ParOldGen       total 86016K, used 7456K [0x0000000080000000, 0x0000000085400000, 0x00000000d5580000)
  object space 86016K, 8% used [0x0000000080000000,0x00000000807483a8,0x0000000085400000)
 Metaspace       used 17986K, capacity 18566K, committed 18816K, reserved 1064960K
  class space    used 2450K, capacity 2639K, committed 2688K, reserved 1048576K
}
Event: 3.323 GC heap before
{Heap before GC invocations=6 (full 0):
 PSYoungGen      total 37888K, used 37182K [0x00000000d5580000, 0x00000000da980000, 0x0000000100000000)
  eden space 32768K, 97% used [0x00000000d5580000,0x00000000d74d1b48,0x00000000d7580000)
  from space 5120K, 99% used [0x00000000d7580000,0x00000000d7a7e030,0x00000000d7a80000)
  to   space 10240K, 0% used [0x00000000d9f80000,0x00000000d9f80000,0x00000000da980000)
 ParOldGen       total 86016K, used 7456K [0x0000000080000000, 0x0000000085400000, 0x00000000d5580000)
  object space 86016K, 8% used [0x0000000080000000,0x00000000807483a8,0x0000000085400000)
 Metaspace       used 20548K, capacity 21204K, committed 21248K, reserved 1067008K
  class space    used 2872K, capacity 3056K, committed 3072K, reserved 1048576K
Event: 3.332 GC heap after
Heap after GC invocations=6 (full 0):
 PSYoungGen      total 74752K, used 8521K [0x00000000d5580000, 0x00000000dab80000, 0x0000000100000000)
  eden space 64512K, 0% used [0x00000000d5580000,0x00000000d5580000,0x00000000d9480000)
  from space 10240K, 83% used [0x00000000d9f80000,0x00000000da7d27e8,0x00000000da980000)
  to   space 11264K, 0% used [0x00000000d9480000,0x00000000d9480000,0x00000000d9f80000)
 ParOldGen       total 86016K, used 7464K [0x0000000080000000, 0x0000000085400000, 0x00000000d5580000)
  object space 86016K, 8% used [0x0000000080000000,0x000000008074a3a8,0x0000000085400000)
 Metaspace       used 20548K, capacity 21204K, committed 21248K, reserved 1067008K
  class space    used 2872K, capacity 3056K, committed 3072K, reserved 1048576K
}
Event: 3.332 GC heap before
{Heap before GC invocations=7 (full 1):
 PSYoungGen      total 74752K, used 8521K [0x00000000d5580000, 0x00000000dab80000, 0x0000000100000000)
  eden space 64512K, 0% used [0x00000000d5580000,0x00000000d5580000,0x00000000d9480000)
  from space 10240K, 83% used [0x00000000d9f80000,0x00000000da7d27e8,0x00000000da980000)
  to   space 11264K, 0% used [0x00000000d9480000,0x00000000d9480000,0x00000000d9f80000)
 ParOldGen       total 86016K, used 7464K [0x0000000080000000, 0x0000000085400000, 0x00000000d5580000)
  object space 86016K, 8% used [0x0000000080000000,0x000000008074a3a8,0x0000000085400000)
 Metaspace       used 20548K, capacity 21204K, committed 21248K, reserved 1067008K
  class space    used 2872K, capacity 3056K, committed 3072K, reserved 1048576K
Event: 3.366 GC heap after
Heap after GC invocations=7 (full 1):
 PSYoungGen      total 74752K, used 0K [0x00000000d5580000, 0x00000000dab80000, 0x0000000100000000)
  eden space 64512K, 0% used [0x00000000d5580000,0x00000000d5580000,0x00000000d9480000)
  from space 10240K, 0% used [0x00000000d9f80000,0x00000000d9f80000,0x00000000da980000)
  to   space 11264K, 0% used [0x00000000d9480000,0x00000000d9480000,0x00000000d9f80000)
 ParOldGen       total 58880K, used 9303K [0x0000000080000000, 0x0000000083980000, 0x00000000d5580000)
  object space 58880K, 15% used [0x0000000080000000,0x0000000080915d28,0x0000000083980000)
 Metaspace       used 20548K, capacity 21204K, committed 21248K, reserved 1067008K
  class space    used 2872K, capacity 3056K, committed 3072K, reserved 1048576K
}
Event: 4.011 GC heap before
{Heap before GC invocations=8 (full 1):
 PSYoungGen      total 74752K, used 64512K [0x00000000d5580000, 0x00000000dab80000, 0x0000000100000000)
  eden space 64512K, 100% used [0x00000000d5580000,0x00000000d9480000,0x00000000d9480000)
  from space 10240K, 0% used [0x00000000d9f80000,0x00000000d9f80000,0x00000000da980000)
  to   space 11264K, 0% used [0x00000000d9480000,0x00000000d9480000,0x00000000d9f80000)
 ParOldGen       total 58880K, used 9303K [0x0000000080000000, 0x0000000083980000, 0x00000000d5580000)
  object space 58880K, 15% used [0x0000000080000000,0x0000000080915d28,0x0000000083980000)
 Metaspace       used 28162K, capacity 28822K, committed 29056K, reserved 1075200K
  class space    used 3886K, capacity 4097K, committed 4224K, reserved 1048576K
Event: 4.019 GC heap after
Heap after GC invocations=8 (full 1):
 PSYoungGen      total 75776K, used 7885K [0x00000000d5580000, 0x00000000dd180000, 0x0000000100000000)
  eden space 64512K, 0% used [0x00000000d5580000,0x00000000d5580000,0x00000000d9480000)
  from space 11264K, 70% used [0x00000000d9480000,0x00000000d9c335a0,0x00000000d9f80000)
  to   space 11264K, 0% used [0x00000000dc680000,0x00000000dc680000,0x00000000dd180000)
 ParOldGen       total 58880K, used 9311K [0x0000000080000000, 0x0000000083980000, 0x00000000d5580000)
  object space 58880K, 15% used [0x0000000080000000,0x0000000080917d28,0x0000000083980000)
 Metaspace       used 28162K, capacity 28822K, committed 29056K, reserved 1075200K
  class space    used 3886K, capacity 4097K, committed 4224K, reserved 1048576K
}
Event: 4.584 GC heap before
{Heap before GC invocations=9 (full 1):
 PSYoungGen      total 75776K, used 72397K [0x00000000d5580000, 0x00000000dd180000, 0x0000000100000000)
  eden space 64512K, 100% used [0x00000000d5580000,0x00000000d9480000,0x00000000d9480000)
  from space 11264K, 70% used [0x00000000d9480000,0x00000000d9c335a0,0x00000000d9f80000)
  to   space 11264K, 0% used [0x00000000dc680000,0x00000000dc680000,0x00000000dd180000)
 ParOldGen       total 58880K, used 9311K [0x0000000080000000, 0x0000000083980000, 0x00000000d5580000)
  object space 58880K, 15% used [0x0000000080000000,0x0000000080917d28,0x0000000083980000)
 Metaspace       used 32061K, capacity 32932K, committed 33152K, reserved 1077248K
  class space    used 4371K, capacity 4613K, committed 4736K, reserved 1048576K
Event: 4.599 GC heap after
Heap after GC invocations=9 (full 1):
 PSYoungGen      total 115712K, used 8387K [0x00000000d5580000, 0x00000000dd380000, 0x0000000100000000)
  eden space 104448K, 0% used [0x00000000d5580000,0x00000000d5580000,0x00000000dbb80000)
  from space 11264K, 74% used [0x00000000dc680000,0x00000000dceb0e10,0x00000000dd180000)
  to   space 11264K, 0% used [0x00000000dbb80000,0x00000000dbb80000,0x00000000dc680000)
 ParOldGen       total 58880K, used 9319K [0x0000000080000000, 0x0000000083980000, 0x00000000d5580000)
  object space 58880K, 15% used [0x0000000080000000,0x0000000080919d28,0x0000000083980000)
 Metaspace       used 32061K, capacity 32932K, committed 33152K, reserved 1077248K
  class space    used 4371K, capacity 4613K, committed 4736K, reserved 1048576K
}

